mode: set
github.com/omeg21/project-repo/cmd/web/middleware.go:10.45,20.2 3 1
github.com/omeg21/project-repo/cmd/web/middleware.go:23.50,26.2 1 1
github.com/omeg21/project-repo/cmd/web/routes.go:12.49,33.2 18 1
github.com/omeg21/project-repo/cmd/web/main.go:23.13,25.16 2 0
github.com/omeg21/project-repo/cmd/web/main.go:30.2,38.16 4 0
github.com/omeg21/project-repo/cmd/web/main.go:25.16,27.3 1 0
github.com/omeg21/project-repo/cmd/web/main.go:38.16,40.3 1 0
github.com/omeg21/project-repo/cmd/web/main.go:43.19,60.16 10 1
github.com/omeg21/project-repo/cmd/web/main.go:65.2,72.12 6 1
github.com/omeg21/project-repo/cmd/web/main.go:60.16,63.3 2 0
