mode: set
github.com/omeg21/project-repo/internal/forms/errors.go:6.44,8.2 1 1
github.com/omeg21/project-repo/internal/forms/errors.go:11.42,13.18 2 1
github.com/omeg21/project-repo/internal/forms/errors.go:16.2,16.14 1 1
github.com/omeg21/project-repo/internal/forms/errors.go:13.18,15.3 1 1
github.com/omeg21/project-repo/internal/forms/forms.go:18.29,20.2 1 1
github.com/omeg21/project-repo/internal/forms/forms.go:23.33,28.2 1 1
github.com/omeg21/project-repo/internal/forms/forms.go:30.42,31.30 1 1
github.com/omeg21/project-repo/internal/forms/forms.go:31.30,33.37 2 1
github.com/omeg21/project-repo/internal/forms/forms.go:33.37,35.4 1 1
github.com/omeg21/project-repo/internal/forms/forms.go:40.40,42.13 2 1
github.com/omeg21/project-repo/internal/forms/forms.go:45.2,45.13 1 1
github.com/omeg21/project-repo/internal/forms/forms.go:42.13,44.3 1 1
github.com/omeg21/project-repo/internal/forms/forms.go:48.53,50.21 2 1
github.com/omeg21/project-repo/internal/forms/forms.go:50.21,53.3 1 1
github.com/omeg21/project-repo/internal/forms/forms.go:57.39,58.40 1 1
github.com/omeg21/project-repo/internal/forms/forms.go:58.40,60.3 1 1
